<?xml version="1.0" encoding="UTF-8"?>
<!-- Generated by org.testng.reporters.JUnitReportReporter -->
<testsuite hostname="C-CN-MG-DT0033" failures="0" tests="1" name="RunnerClass.RunnerMethod" time="30.879" errors="0" timestamp="2025-01-17T16:54:07 IST" skipped="0">
  <testcase classname="RunnerClass.RunnerMethod" name="serverRun" time="30.879"/>
  <system-out/>
</testsuite> <!-- RunnerClass.RunnerMethod -->
