<?xml version="1.0" encoding="UTF-8"?>
<!-- Generated by org.testng.reporters.JUnitReportReporter -->
<testsuite hostname="C-CN-MG-DT0033" failures="0" tests="2" name="RunnerClass.RunnerMethod" time="7.473" errors="0" timestamp="2025-01-28T16:19:19 IST" skipped="0">
  <testcase classname="RunnerClass.RunnerMethod" name="loginPageRunner" time="3.519"/>
  <system-out/>
  <testcase classname="RunnerClass.RunnerMethod" name="continueWithEmailRunner" time="3.954"/>
  <system-out/>
</testsuite> <!-- RunnerClass.RunnerMethod -->
