<?xml version="1.0" encoding="UTF-8"?>
<!-- Generated by org.testng.reporters.JUnitReportReporter -->
<testsuite hostname="DESKTOP-IVHRL9V" failures="0" tests="1" name="PropertiesPackage.PropertiesReadFile" time="0.014" errors="0" timestamp="2025-01-19T16:31:49 IST" skipped="0">
  <testcase classname="PropertiesPackage.PropertiesReadFile" name="readData" time="0.014"/>
  <system-out/>
</testsuite> <!-- PropertiesPackage.PropertiesReadFile -->
