<?xml version="1.0" encoding="UTF-8"?>
<!-- Generated by org.testng.reporters.JUnitReportReporter -->
<testsuite hostname="DESKTOP-IVHRL9V" failures="0" tests="2" name="RunnerClass.RunnerMethod" time="7.824" errors="0" timestamp="2025-01-29T00:28:58 IST" skipped="0">
  <testcase classname="RunnerClass.RunnerMethod" name="loginPageRunner" time="3.323"/>
  <system-out/>
  <testcase classname="RunnerClass.RunnerMethod" name="continueWithEmailRunner" time="4.501"/>
  <system-out/>
</testsuite> <!-- RunnerClass.RunnerMethod -->
