<?xml version="1.0" encoding="UTF-8"?>
<!-- Generated by org.testng.reporters.JUnitReportReporter -->
<testsuite hostname="C-CN-MG-DT0033" failures="0" tests="5" name="RunnerClass.RunnerMethod" time="25.613" errors="0" timestamp="2025-01-29T19:21:34 IST" skipped="0">
  <testcase classname="RunnerClass.RunnerMethod" name="loginPageRunner" time="4.860"/>
  <system-out/>
  <testcase classname="RunnerClass.RunnerMethod" name="continueWithEmailRunner" time="8.688"/>
  <system-out/>
  <testcase classname="RunnerClass.RunnerMethod" name="continueWithEmailRunner" time="4.080"/>
  <system-out/>
  <testcase classname="RunnerClass.RunnerMethod" name="continueWithEmailRunner" time="4.563"/>
  <system-out/>
  <testcase classname="RunnerClass.RunnerMethod" name="continueWithEmailRunner" time="3.422"/>
  <system-out/>
</testsuite> <!-- RunnerClass.RunnerMethod -->
