<?xml version="1.0" encoding="UTF-8"?>
<!-- Generated by org.testng.reporters.JUnitReportReporter -->
<testsuite hostname="C-CN-MG-DT0033" failures="0" tests="1" name="DriverPackage.DriverManager" time="21.490" errors="0" timestamp="2025-01-17T16:11:09 IST" skipped="0">
  <testcase classname="DriverPackage.DriverManager" name="driverLunch" time="21.490"/>
  <system-out/>
</testsuite> <!-- DriverPackage.DriverManager -->
