<?xml version="1.0" encoding="UTF-8"?>
<!-- Generated by org.testng.reporters.JUnitReportReporter -->
<testsuite hostname="DESKTOP-IVHRL9V" failures="0" tests="1" name="RunnerClass.RunnerMethod" time="5.245" errors="0" timestamp="2025-01-19T16:49:41 IST" skipped="0">
  <testcase classname="RunnerClass.RunnerMethod" name="loginPageRunner" time="5.245"/>
  <system-out/>
</testsuite> <!-- RunnerClass.RunnerMethod -->
