<?xml version="1.0" encoding="UTF-8"?>
<!-- Generated by org.testng.reporters.JUnitReportReporter -->
<testsuite hostname="C-CN-MG-DT0033" failures="0" tests="6" name="RunnerClass.RunnerMethod" time="41.094" errors="0" timestamp="2025-02-04T17:32:52 IST" skipped="0">
  <testcase classname="RunnerClass.RunnerMethod" name="loginPageRunner" time="10.632"/>
  <system-out/>
  <testcase classname="RunnerClass.RunnerMethod" name="continueWithEmailRunner" time="7.722"/>
  <system-out/>
  <testcase classname="RunnerClass.RunnerMethod" name="continueWithEmailRunner" time="3.264"/>
  <system-out/>
  <testcase classname="RunnerClass.RunnerMethod" name="continueWithEmailRunner" time="3.285"/>
  <system-out/>
  <testcase classname="RunnerClass.RunnerMethod" name="continueWithEmailRunner" time="13.277"/>
  <system-out/>
  <testcase classname="RunnerClass.RunnerMethod" name="continueWithEmailRunner" time="2.914"/>
  <system-out/>
</testsuite> <!-- RunnerClass.RunnerMethod -->
